#
# There is insufficient memory for the Java Runtime Environment to continue.
# Native memory allocation (malloc) failed to allocate 1048576 bytes. Error detail: AllocateHeap
# Possible reasons:
#   The system is out of physical RAM or swap space
#   This process is running with CompressedOops enabled, and the Java Heap may be blocking the growth of the native heap
# Possible solutions:
#   Reduce memory load on the system
#   Increase physical memory or swap space
#   Check if swap backing store is full
#   Decrease Java heap size (-Xmx/-Xms)
#   Decrease number of Java threads
#   Decrease Java thread stack sizes (-Xss)
#   Set larger code cache with -XX:ReservedCodeCacheSize=
#   JVM is running with Unscaled Compressed Oops mode in which the Java heap is
#     placed in the first 4GB address space. The Java Heap base address is the
#     maximum limit for the native heap growth. Please use -XX:HeapBaseMinAddress
#     to set the Java Heap base and to place the Java Heap above 4GB virtual address.
# This output file may be truncated or incomplete.
#
#  Out of Memory Error (allocation.cpp:44), pid=13044, tid=9160
#
# JRE version: OpenJDK Runtime Environment Temurin-21.0.9+10 (21.0.9+10) (build 21.0.9+10-LTS)
# Java VM: OpenJDK 64-Bit Server VM Temurin-21.0.9+10 (21.0.9+10-LTS, mixed mode, sharing, tiered, compressed oops, compressed class ptrs, parallel gc, windows-amd64)
# No core dump will be written. Minidumps are not enabled by default on client versions of Windows
#

---------------  S U M M A R Y ------------

Command Line: --add-modules=ALL-SYSTEM --add-opens=java.base/java.util=ALL-UNNAMED --add-opens=java.base/java.lang=ALL-UNNAMED --add-opens=java.base/sun.nio.fs=ALL-UNNAMED -Declipse.application=org.eclipse.jdt.ls.core.id1 -Dosgi.bundles.defaultStartLevel=4 -Declipse.product=org.eclipse.jdt.ls.core.product -Djava.import.generatesMetadataFilesAtProjectRoot=false -DDetectVMInstallationsJob.disabled=true -Dfile.encoding=utf8 -XX:+UseParallelGC -XX:GCTimeRatio=4 -XX:AdaptiveSizePolicyWeight=90 -Dsun.zip.disableMemoryMapping=true -Xmx2G -Xms100m -Xlog:disable -javaagent:c:\Users\HP\.vscode\extensions\redhat.java-1.52.0-win32-x64\lombok\lombok-1.18.39-4050.jar -XX:+HeapDumpOnOutOfMemoryError -XX:HeapDumpPath=c:\Users\HP\AppData\Roaming\Code\User\workspaceStorage\7852c7131eb6d3e26024a9c44b370c29\redhat.java -Daether.dependencyCollector.impl=bf c:\Users\HP\.vscode\extensions\redhat.java-1.52.0-win32-x64\server\plugins\org.eclipse.equinox.launcher_1.7.100.v20251111-0406.jar -configuration c:\Users\HP\AppData\Roaming\Code\User\globalStorage\redhat.java\1.52.0\config_win -data c:\Users\HP\AppData\Roaming\Code\User\workspaceStorage\7852c7131eb6d3e26024a9c44b370c29\redhat.java\jdt_ws --pipe=\\.\pipe\lsp-f9405568f78807ff34f0feec708fda29-sock

Host: Intel(R) Core(TM) i5-8365U CPU @ 1.60GHz, 8 cores, 7G,  Windows 11 , 64 bit Build 26100 (10.0.26100.7705)
Time: Wed Feb 25 19:23:13 2026 India Standard Time elapsed time: 762.811245 seconds (0d 0h 12m 42s)

---------------  T H R E A D  ---------------

Current thread (0x000002ab627c83a0):  JavaThread "Attach Listener" daemon [_thread_in_vm, id=9160, stack(0x000000d664d00000,0x000000d664e00000) (1024K)]

Stack: [0x000000d664d00000,0x000000d664e00000]
Native frames: (J=compiled Java code, j=interpreted, Vv=VM code, C=native code)
V  [jvm.dll+0x6d6e29]
V  [jvm.dll+0x8b4b76]
V  [jvm.dll+0x8b712e]
V  [jvm.dll+0x8b7813]
V  [jvm.dll+0x283d86]
V  [jvm.dll+0xc1277]
V  [jvm.dll+0x6d76d9]
V  [jvm.dll+0x133466]
V  [jvm.dll+0x3f7ea6]
V  [jvm.dll+0x85e9ad]
V  [jvm.dll+0x6d565d]
C  [ucrtbase.dll+0x37b0]
C  [KERNEL32.DLL+0x2e8d7]
C  [ntdll.dll+0x8c40c]


---------------  P R O C E S S  ---------------

Threads class SMR info:
_java_thread_list=0x000002ab69567080, length=35, elements={
0x000002ab4a03d6e0, 0x000002ab627bd600, 0x000002ab627c1be0, 0x000002ab627c7750,
0x000002ab627c83a0, 0x000002ab627cb300, 0x000002ab627cbd50, 0x000002ab627ccb80,
0x000002ab627f7790, 0x000002ab6439d000, 0x000002ab644d9900, 0x000002ab64784340,
0x000002ab69079fb0, 0x000002ab642800d0, 0x000002ab642859c0, 0x000002ab64c30f80,
0x000002ab64bb9fe0, 0x000002ab690488c0, 0x000002ab6497da90, 0x000002ab642981f0,
0x000002ab642995a0, 0x000002ab6429a950, 0x000002ab64297b60, 0x000002ab642974d0,
0x000002ab64299c30, 0x000002ab69c2e460, 0x000002ab69c2d740, 0x000002ab69c2ddd0,
0x000002ab69c30530, 0x000002ab69c2fea0, 0x000002ab69c2eaf0, 0x000002ab69c2f180,
0x000002ab69c339b0, 0x000002ab6cc63600, 0x000002ab6cc656d0
}

Java Threads: ( => current thread )
  0x000002ab4a03d6e0 JavaThread "main"                              [_thread_blocked, id=4840, stack(0x000000d664600000,0x000000d664700000) (1024K)]
  0x000002ab627bd600 JavaThread "Reference Handler"          daemon [_thread_blocked, id=1872, stack(0x000000d664a00000,0x000000d664b00000) (1024K)]
  0x000002ab627c1be0 JavaThread "Finalizer"                  daemon [_thread_blocked, id=22624, stack(0x000000d664b00000,0x000000d664c00000) (1024K)]
  0x000002ab627c7750 JavaThread "Signal Dispatcher"          daemon [_thread_blocked, id=1260, stack(0x000000d664c00000,0x000000d664d00000) (1024K)]
=>0x000002ab627c83a0 JavaThread "Attach Listener"            daemon [_thread_in_vm, id=9160, stack(0x000000d664d00000,0x000000d664e00000) (1024K)]
  0x000002ab627cb300 JavaThread "Service Thread"             daemon [_thread_blocked, id=24800, stack(0x000000d664e00000,0x000000d664f00000) (1024K)]
  0x000002ab627cbd50 JavaThread "Monitor Deflation Thread"   daemon [_thread_blocked, id=11864, stack(0x000000d664f00000,0x000000d665000000) (1024K)]
  0x000002ab627ccb80 JavaThread "C2 CompilerThread0"         daemon [_thread_blocked, id=18656, stack(0x000000d665000000,0x000000d665100000) (1024K)]
  0x000002ab627f7790 JavaThread "C1 CompilerThread0"         daemon [_thread_blocked, id=23724, stack(0x000000d665100000,0x000000d665200000) (1024K)]
  0x000002ab6439d000 JavaThread "Common-Cleaner"             daemon [_thread_blocked, id=24220, stack(0x000000d665300000,0x000000d665400000) (1024K)]
  0x000002ab644d9900 JavaThread "Notification Thread"        daemon [_thread_blocked, id=16872, stack(0x000000d665400000,0x000000d665500000) (1024K)]
  0x000002ab64784340 JavaThread "Active Thread: Equinox Container: 3ec96b52-3bdd-4d6e-bd1a-a5a0977d209a"        [_thread_blocked, id=20308, stack(0x000000d665200000,0x000000d665300000) (1024K)]
  0x000002ab69079fb0 JavaThread "Refresh Thread: Equinox Container: 3ec96b52-3bdd-4d6e-bd1a-a5a0977d209a" daemon [_thread_blocked, id=14364, stack(0x000000d665c00000,0x000000d665d00000) (1024K)]
  0x000002ab642800d0 JavaThread "Framework Event Dispatcher: Equinox Container: 3ec96b52-3bdd-4d6e-bd1a-a5a0977d209a" daemon [_thread_blocked, id=12012, stack(0x000000d665d00000,0x000000d665e00000) (1024K)]
  0x000002ab642859c0 JavaThread "Start Level: Equinox Container: 3ec96b52-3bdd-4d6e-bd1a-a5a0977d209a" daemon [_thread_blocked, id=24524, stack(0x000000d665e00000,0x000000d665f00000) (1024K)]
  0x000002ab64c30f80 JavaThread "Bundle File Closer"         daemon [_thread_blocked, id=12140, stack(0x000000d665f00000,0x000000d666000000) (1024K)]
  0x000002ab64bb9fe0 JavaThread "SCR Component Actor"        daemon [_thread_blocked, id=18372, stack(0x000000d664400000,0x000000d664500000) (1024K)]
  0x000002ab690488c0 JavaThread "Worker-JM"                         [_thread_blocked, id=21932, stack(0x000000d664500000,0x000000d664600000) (1024K)]
  0x000002ab6497da90 JavaThread "JNA Cleaner"                daemon [_thread_blocked, id=26588, stack(0x000000d666000000,0x000000d666100000) (1024K)]
  0x000002ab642981f0 JavaThread "Worker-2"                          [_thread_blocked, id=10384, stack(0x000000d666400000,0x000000d666500000) (1024K)]
  0x000002ab642995a0 JavaThread "Java indexing"              daemon [_thread_blocked, id=13392, stack(0x000000d666600000,0x000000d666700000) (1024K)]
  0x000002ab6429a950 JavaThread "Thread-1"                   daemon [_thread_in_native, id=1572, stack(0x000000d666900000,0x000000d666a00000) (1024K)]
  0x000002ab64297b60 JavaThread "Thread-2"                   daemon [_thread_in_native, id=26564, stack(0x000000d666a00000,0x000000d666b00000) (1024K)]
  0x000002ab642974d0 JavaThread "Thread-3"                   daemon [_thread_in_native, id=22792, stack(0x000000d666b00000,0x000000d666c00000) (1024K)]
  0x000002ab64299c30 JavaThread "Thread-4"                   daemon [_thread_in_native, id=24400, stack(0x000000d666c00000,0x000000d666d00000) (1024K)]
  0x000002ab69c2e460 JavaThread "Thread-5"                   daemon [_thread_in_native, id=1284, stack(0x000000d666d00000,0x000000d666e00000) (1024K)]
  0x000002ab69c2d740 JavaThread "Thread-6"                   daemon [_thread_in_native, id=24460, stack(0x000000d666e00000,0x000000d666f00000) (1024K)]
  0x000002ab69c2ddd0 JavaThread "Thread-7"                   daemon [_thread_in_native, id=1908, stack(0x000000d666f00000,0x000000d667000000) (1024K)]
  0x000002ab69c30530 JavaThread "Thread-8"                   daemon [_thread_in_native, id=15528, stack(0x000000d667000000,0x000000d667100000) (1024K)]
  0x000002ab69c2fea0 JavaThread "Thread-9"                   daemon [_thread_in_native, id=10508, stack(0x000000d667100000,0x000000d667200000) (1024K)]
  0x000002ab69c2eaf0 JavaThread "pool-2-thread-1"                   [_thread_blocked, id=24668, stack(0x000000d667200000,0x000000d667300000) (1024K)]
  0x000002ab69c2f180 JavaThread "WorkspaceEventsHandler"            [_thread_blocked, id=19972, stack(0x000000d667500000,0x000000d667600000) (1024K)]
  0x000002ab69c339b0 JavaThread "pool-1-thread-1"                   [_thread_blocked, id=3880, stack(0x000000d667600000,0x000000d667700000) (1024K)]
  0x000002ab6cc63600 JavaThread "Worker-5"                          [_thread_blocked, id=16512, stack(0x000000d666300000,0x000000d666400000) (1024K)]
  0x000002ab6cc656d0 JavaThread "Cleaner-0"                  daemon [_thread_blocked, id=3064, stack(0x000000d667e00000,0x000000d667f00000) (1024K)]
Total: 35

Other Threads:
  0x000002ab6279fcc0 VMThread "VM Thread"                           [id=16616, stack(0x000000d664900000,0x000000d664a00000) (1024K)]
  0x000002ab626dca10 WatcherThread "VM Periodic Task Thread"        [id=25456, stack(0x000000d664800000,0x000000d664900000) (1024K)]
  0x000002ab4a05b880 WorkerThread "GC Thread#0"                     [id=21064, stack(0x000000d664700000,0x000000d664800000) (1024K)]
  0x000002ab6469e0f0 WorkerThread "GC Thread#1"                     [id=5924, stack(0x000000d665500000,0x000000d665600000) (1024K)]
  0x000002ab6469e490 WorkerThread "GC Thread#2"                     [id=25584, stack(0x000000d665600000,0x000000d665700000) (1024K)]
  0x000002ab64b145b0 WorkerThread "GC Thread#3"                     [id=4124, stack(0x000000d665700000,0x000000d665800000) (1024K)]
  0x000002ab64b14950 WorkerThread "GC Thread#4"                     [id=24356, stack(0x000000d665800000,0x000000d665900000) (1024K)]
  0x000002ab6493a170 WorkerThread "GC Thread#5"                     [id=15080, stack(0x000000d665900000,0x000000d665a00000) (1024K)]
  0x000002ab6493a510 WorkerThread "GC Thread#6"                     [id=13516, stack(0x000000d665a00000,0x000000d665b00000) (1024K)]
  0x000002ab69067d30 WorkerThread "GC Thread#7"                     [id=19948, stack(0x000000d665b00000,0x000000d665c00000) (1024K)]
Total: 10

Threads with active compile tasks:
Total: 0

VM state: not at safepoint (normal execution)

VM Mutex/Monitor currently owned by a thread: None

Heap address: 0x0000000080000000, size: 2048 MB, Compressed Oops mode: 32-bit

CDS archive(s) mapped at: [0x000002ab00000000-0x000002ab00ba0000-0x000002ab00ba0000), size 12189696, SharedBaseAddress: 0x000002ab00000000, ArchiveRelocationMode: 1.
Compressed class space mapped at: 0x000002ab01000000-0x000002ab41000000, reserved size: 1073741824
Narrow klass base: 0x000002ab00000000, Narrow klass shift: 0, Narrow klass range: 0x100000000

GC Precious Log:
 CardTable entry size: 512
 CPUs: 8 total, 8 available
 Memory: 8006M
 Large Page Support: Disabled
 NUMA Support: Disabled
 Compressed Oops: Enabled (32-bit)
 Alignments: Space 512K, Generation 512K, Heap 2M
 Heap Min Capacity: 100M
 Heap Initial Capacity: 100M
 Heap Max Capacity: 2G
 Pre-touch: Disabled
 Parallel Workers: 8

Heap:
 PSYoungGen      total 3584K, used 863K [0x00000000d5580000, 0x00000000d5a80000, 0x0000000100000000)
  eden space 3072K, 21% used [0x00000000d5580000,0x00000000d5627f40,0x00000000d5880000)
  from space 512K, 37% used [0x00000000d5a00000,0x00000000d5a30000,0x00000000d5a80000)
  to   space 512K, 0% used [0x00000000d5980000,0x00000000d5980000,0x00000000d5a00000)
 ParOldGen       total 207360K, used 206923K [0x0000000080000000, 0x000000008ca80000, 0x00000000d5580000)
  object space 207360K, 99% used [0x0000000080000000,0x000000008ca12fc0,0x000000008ca80000)
 Metaspace       used 67324K, committed 68864K, reserved 1114112K
  class space    used 7063K, committed 7744K, reserved 1048576K

Card table byte_map: [0x000002ab5db10000,0x000002ab5df20000] _byte_map_base: 0x000002ab5d710000

Marking Bits: (ParMarkBitMap*) 0x00007ffb1f312460
 Begin Bits: [0x000002ab5e1d0000, 0x000002ab601d0000)
 End Bits:   [0x000002ab601d0000, 0x000002ab621d0000)

Polling page: 0x000002ab4e900000

Metaspace:

Usage:
  Non-class:     58.85 MB used.
      Class:      6.90 MB used.
       Both:     65.75 MB used.

Virtual space:
  Non-class space:       64.00 MB reserved,      59.69 MB ( 93%) committed,  1 nodes.
      Class space:        1.00 GB reserved,       7.56 MB ( <1%) committed,  1 nodes.
             Both:        1.06 GB reserved,      67.25 MB (  6%) committed. 

Chunk freelists:
   Non-Class:  4.11 MB
       Class:  8.49 MB
        Both:  12.59 MB

MaxMetaspaceSize: unlimited
CompressedClassSpaceSize: 1.00 GB
Initial GC threshold: 21.00 MB
Current GC threshold: 97.31 MB
CDS: on
 - commit_granule_bytes: 65536.
 - commit_granule_words: 8192.
 - virtual_space_node_default_size: 8388608.
 - enlarge_chunks_in_place: 1.
 - use_allocation_guard: 0.


Internal statistics:

num_allocs_failed_limit: 9.
num_arena_births: 1254.
num_arena_deaths: 14.
num_vsnodes_births: 2.
num_vsnodes_deaths: 0.
num_space_committed: 1076.
num_space_uncommitted: 0.
num_chunks_returned_to_freelist: 23.
num_chunks_taken_from_freelist: 4510.
num_chunk_merges: 9.
num_chunk_splits: 2719.
num_chunks_enlarged: 1449.
num_inconsistent_stats: 0.

CodeHeap 'non-profiled nmethods': size=120000Kb used=8687Kb max_used=8687Kb free=111312Kb
 bounds [0x000002ab563f0000, 0x000002ab56c70000, 0x000002ab5d920000]
CodeHeap 'profiled nmethods': size=120000Kb used=24424Kb max_used=24424Kb free=95576Kb
 bounds [0x000002ab4e920000, 0x000002ab50100000, 0x000002ab55e50000]
CodeHeap 'non-nmethods': size=5760Kb used=1456Kb max_used=1527Kb free=4303Kb
 bounds [0x000002ab55e50000, 0x000002ab560c0000, 0x000002ab563f0000]
CodeCache: size=245760Kb, used=34567Kb, max_used=34638Kb, free=211191Kb
 total_blobs=11612, nmethods=10839, adapters=678, full_count=0
Compilation: enabled, stopped_count=0, restarted_count=0

Compilation events (20 events):
Event: 209.424 Thread 0x000002ab627ccb80 11674       4       org.eclipse.jdt.core.dom.ASTVisitor::preVisit2 (7 bytes)
Event: 209.425 Thread 0x000002ab627ccb80 nmethod 11674 0x000002ab56c6b290 code [0x000002ab56c6b420, 0x000002ab56c6b4b0]
Event: 216.372 Thread 0x000002ab627f7790 11679   !   3       java.util.concurrent.ThreadPoolExecutor::getTask (177 bytes)
Event: 216.376 Thread 0x000002ab627f7790 nmethod 11679 0x000002ab500f5c10 code [0x000002ab500f5ec0, 0x000002ab500f6cf0]
Event: 216.376 Thread 0x000002ab627f7790 11680       3       java.util.concurrent.locks.ReentrantLock::lockInterruptibly (8 bytes)
Event: 216.378 Thread 0x000002ab627f7790 nmethod 11680 0x000002ab500f7190 code [0x000002ab500f73a0, 0x000002ab500f7928]
Event: 216.379 Thread 0x000002ab627f7790 11681       3       java.util.concurrent.locks.ReentrantLock$Sync::lockInterruptibly (27 bytes)
Event: 216.379 Thread 0x000002ab627f7790 nmethod 11681 0x000002ab500f7b10 code [0x000002ab500f7d00, 0x000002ab500f8228]
Event: 302.756 Thread 0x000002ab627f7790 11682       3       java.util.concurrent.locks.ReentrantLock$NonfairSync::tryAcquire (27 bytes)
Event: 302.758 Thread 0x000002ab627f7790 nmethod 11682 0x000002ab500f8410 code [0x000002ab500f85c0, 0x000002ab500f8808]
Event: 339.795 Thread 0x000002ab627f7790 11684       1       org.eclipse.core.internal.jobs.JobManager::isActive (5 bytes)
Event: 339.796 Thread 0x000002ab627f7790 nmethod 11684 0x000002ab56c6b990 code [0x000002ab56c6bb20, 0x000002ab56c6bbf0]
Event: 396.409 Thread 0x000002ab627f7790 11685       3       java.util.concurrent.locks.AbstractQueuedSynchronizer$ConditionObject::canReacquire (38 bytes)
Event: 396.413 Thread 0x000002ab627f7790 nmethod 11685 0x000002ab500f8910 code [0x000002ab500f8ae0, 0x000002ab500f8e28]
Event: 492.905 Thread 0x000002ab627f7790 11686       3       java.util.concurrent.locks.ReentrantLock::lock (8 bytes)
Event: 492.906 Thread 0x000002ab627f7790 nmethod 11686 0x000002ab500f8f90 code [0x000002ab500f9160, 0x000002ab500f9410]
Event: 547.389 Thread 0x000002ab627f7790 11687       1       org.eclipse.core.internal.jobs.InternalJob::getStartTime (5 bytes)
Event: 547.389 Thread 0x000002ab627f7790 nmethod 11687 0x000002ab56c6bc90 code [0x000002ab56c6be20, 0x000002ab56c6bef0]
Event: 653.019 Thread 0x000002ab627f7790 11688       3       java.util.concurrent.ScheduledThreadPoolExecutor$ScheduledFutureTask::getDelay (16 bytes)
Event: 653.021 Thread 0x000002ab627f7790 nmethod 11688 0x000002ab500f9510 code [0x000002ab500f96c0, 0x000002ab500f9858]

GC Heap History (20 events):
Event: 128.016 GC heap before
{Heap before GC invocations=336 (full 3):
 PSYoungGen      total 5632K, used 5604K [0x00000000d5580000, 0x00000000d5d80000, 0x0000000100000000)
  eden space 4608K, 100% used [0x00000000d5580000,0x00000000d5a00000,0x00000000d5a00000)
  from space 1024K, 97% used [0x00000000d5b80000,0x00000000d5c79298,0x00000000d5c80000)
  to   space 1536K, 0% used [0x00000000d5a00000,0x00000000d5a00000,0x00000000d5b80000)
 ParOldGen       total 201216K, used 201154K [0x0000000080000000, 0x000000008c480000, 0x00000000d5580000)
  object space 201216K, 99% used [0x0000000080000000,0x000000008c470bb0,0x000000008c480000)
 Metaspace       used 65694K, committed 67136K, reserved 1114112K
  class space    used 6928K, committed 7552K, reserved 1048576K
}
Event: 128.020 GC heap after
{Heap after GC invocations=336 (full 3):
 PSYoungGen      total 6144K, used 1216K [0x00000000d5580000, 0x00000000d5d00000, 0x0000000100000000)
  eden space 4608K, 0% used [0x00000000d5580000,0x00000000d5580000,0x00000000d5a00000)
  from space 1536K, 79% used [0x00000000d5a00000,0x00000000d5b30000,0x00000000d5b80000)
  to   space 1536K, 0% used [0x00000000d5b80000,0x00000000d5b80000,0x00000000d5d00000)
 ParOldGen       total 202240K, used 201951K [0x0000000080000000, 0x000000008c580000, 0x00000000d5580000)
  object space 202240K, 99% used [0x0000000080000000,0x000000008c537e70,0x000000008c580000)
 Metaspace       used 65694K, committed 67136K, reserved 1114112K
  class space    used 6928K, committed 7552K, reserved 1048576K
}
Event: 128.651 GC heap before
{Heap before GC invocations=337 (full 3):
 PSYoungGen      total 6144K, used 5824K [0x00000000d5580000, 0x00000000d5d00000, 0x0000000100000000)
  eden space 4608K, 100% used [0x00000000d5580000,0x00000000d5a00000,0x00000000d5a00000)
  from space 1536K, 79% used [0x00000000d5a00000,0x00000000d5b30000,0x00000000d5b80000)
  to   space 1536K, 0% used [0x00000000d5b80000,0x00000000d5b80000,0x00000000d5d00000)
 ParOldGen       total 202240K, used 201951K [0x0000000080000000, 0x000000008c580000, 0x00000000d5580000)
  object space 202240K, 99% used [0x0000000080000000,0x000000008c537e70,0x000000008c580000)
 Metaspace       used 65720K, committed 67136K, reserved 1114112K
  class space    used 6928K, committed 7552K, reserved 1048576K
}
Event: 128.656 GC heap after
{Heap after GC invocations=337 (full 3):
 PSYoungGen      total 4608K, used 1521K [0x00000000d5580000, 0x00000000d6000000, 0x0000000100000000)
  eden space 3072K, 0% used [0x00000000d5580000,0x00000000d5580000,0x00000000d5880000)
  from space 1536K, 99% used [0x00000000d5b80000,0x00000000d5cfc498,0x00000000d5d00000)
  to   space 3072K, 0% used [0x00000000d5880000,0x00000000d5880000,0x00000000d5b80000)
 ParOldGen       total 203264K, used 203135K [0x0000000080000000, 0x000000008c680000, 0x00000000d5580000)
  object space 203264K, 99% used [0x0000000080000000,0x000000008c65fe70,0x000000008c680000)
 Metaspace       used 65720K, committed 67136K, reserved 1114112K
  class space    used 6928K, committed 7552K, reserved 1048576K
}
Event: 128.895 GC heap before
{Heap before GC invocations=338 (full 3):
 PSYoungGen      total 4608K, used 4593K [0x00000000d5580000, 0x00000000d6000000, 0x0000000100000000)
  eden space 3072K, 100% used [0x00000000d5580000,0x00000000d5880000,0x00000000d5880000)
  from space 1536K, 99% used [0x00000000d5b80000,0x00000000d5cfc498,0x00000000d5d00000)
  to   space 3072K, 0% used [0x00000000d5880000,0x00000000d5880000,0x00000000d5b80000)
 ParOldGen       total 203264K, used 203135K [0x0000000080000000, 0x000000008c680000, 0x00000000d5580000)
  object space 203264K, 99% used [0x0000000080000000,0x000000008c65fe70,0x000000008c680000)
 Metaspace       used 66026K, committed 67456K, reserved 1114112K
  class space    used 6951K, committed 7552K, reserved 1048576K
}
Event: 128.899 GC heap after
{Heap after GC invocations=338 (full 3):
 PSYoungGen      total 4096K, used 802K [0x00000000d5580000, 0x00000000d5c00000, 0x0000000100000000)
  eden space 3072K, 0% used [0x00000000d5580000,0x00000000d5580000,0x00000000d5880000)
  from space 1024K, 78% used [0x00000000d5880000,0x00000000d59488a0,0x00000000d5980000)
  to   space 1536K, 0% used [0x00000000d5a80000,0x00000000d5a80000,0x00000000d5c00000)
 ParOldGen       total 204288K, used 204151K [0x0000000080000000, 0x000000008c780000, 0x00000000d5580000)
  object space 204288K, 99% used [0x0000000080000000,0x000000008c75de80,0x000000008c780000)
 Metaspace       used 66026K, committed 67456K, reserved 1114112K
  class space    used 6951K, committed 7552K, reserved 1048576K
}
Event: 129.326 GC heap before
{Heap before GC invocations=339 (full 3):
 PSYoungGen      total 4096K, used 3874K [0x00000000d5580000, 0x00000000d5c00000, 0x0000000100000000)
  eden space 3072K, 100% used [0x00000000d5580000,0x00000000d5880000,0x00000000d5880000)
  from space 1024K, 78% used [0x00000000d5880000,0x00000000d59488a0,0x00000000d5980000)
  to   space 1536K, 0% used [0x00000000d5a80000,0x00000000d5a80000,0x00000000d5c00000)
 ParOldGen       total 204288K, used 204151K [0x0000000080000000, 0x000000008c780000, 0x00000000d5580000)
  object space 204288K, 99% used [0x0000000080000000,0x000000008c75de80,0x000000008c780000)
 Metaspace       used 66114K, committed 67584K, reserved 1114112K
  class space    used 6958K, committed 7616K, reserved 1048576K
}
Event: 129.330 GC heap after
{Heap after GC invocations=339 (full 3):
 PSYoungGen      total 4608K, used 1248K [0x00000000d5580000, 0x00000000d5c00000, 0x0000000100000000)
  eden space 3072K, 0% used [0x00000000d5580000,0x00000000d5580000,0x00000000d5880000)
  from space 1536K, 81% used [0x00000000d5a80000,0x00000000d5bb8000,0x00000000d5c00000)
  to   space 1536K, 0% used [0x00000000d5900000,0x00000000d5900000,0x00000000d5a80000)
 ParOldGen       total 204800K, used 204677K [0x0000000080000000, 0x000000008c800000, 0x00000000d5580000)
  object space 204800K, 99% used [0x0000000080000000,0x000000008c7e15a8,0x000000008c800000)
 Metaspace       used 66114K, committed 67584K, reserved 1114112K
  class space    used 6958K, committed 7616K, reserved 1048576K
}
Event: 129.523 GC heap before
{Heap before GC invocations=340 (full 3):
 PSYoungGen      total 4608K, used 4317K [0x00000000d5580000, 0x00000000d5c00000, 0x0000000100000000)
  eden space 3072K, 99% used [0x00000000d5580000,0x00000000d587f750,0x00000000d5880000)
  from space 1536K, 81% used [0x00000000d5a80000,0x00000000d5bb8000,0x00000000d5c00000)
  to   space 1536K, 0% used [0x00000000d5900000,0x00000000d5900000,0x00000000d5a80000)
 ParOldGen       total 204800K, used 204677K [0x0000000080000000, 0x000000008c800000, 0x00000000d5580000)
  object space 204800K, 99% used [0x0000000080000000,0x000000008c7e15a8,0x000000008c800000)
 Metaspace       used 66398K, committed 67968K, reserved 1114112K
  class space    used 6986K, committed 7680K, reserved 1048576K
}
Event: 129.527 GC heap after
{Heap after GC invocations=340 (full 3):
 PSYoungGen      total 4096K, used 545K [0x00000000d5580000, 0x00000000d5b00000, 0x0000000100000000)
  eden space 3072K, 0% used [0x00000000d5580000,0x00000000d5580000,0x00000000d5880000)
  from space 1024K, 53% used [0x00000000d5900000,0x00000000d5988530,0x00000000d5a00000)
  to   space 1024K, 0% used [0x00000000d5a00000,0x00000000d5a00000,0x00000000d5b00000)
 ParOldGen       total 205312K, used 205301K [0x0000000080000000, 0x000000008c880000, 0x00000000d5580000)
  object space 205312K, 99% used [0x0000000080000000,0x000000008c87d5a8,0x000000008c880000)
 Metaspace       used 66398K, committed 67968K, reserved 1114112K
  class space    used 6986K, committed 7680K, reserved 1048576K
}
Event: 129.654 GC heap before
{Heap before GC invocations=341 (full 3):
 PSYoungGen      total 4096K, used 3617K [0x00000000d5580000, 0x00000000d5b00000, 0x0000000100000000)
  eden space 3072K, 100% used [0x00000000d5580000,0x00000000d5880000,0x00000000d5880000)
  from space 1024K, 53% used [0x00000000d5900000,0x00000000d5988530,0x00000000d5a00000)
  to   space 1024K, 0% used [0x00000000d5a00000,0x00000000d5a00000,0x00000000d5b00000)
 ParOldGen       total 205312K, used 205301K [0x0000000080000000, 0x000000008c880000, 0x00000000d5580000)
  object space 205312K, 99% used [0x0000000080000000,0x000000008c87d5a8,0x000000008c880000)
 Metaspace       used 66775K, committed 68288K, reserved 1114112K
  class space    used 7013K, committed 7680K, reserved 1048576K
}
Event: 129.657 GC heap after
{Heap after GC invocations=341 (full 3):
 PSYoungGen      total 3584K, used 394K [0x00000000d5580000, 0x00000000d5a80000, 0x0000000100000000)
  eden space 3072K, 0% used [0x00000000d5580000,0x00000000d5580000,0x00000000d5880000)
  from space 512K, 77% used [0x00000000d5a00000,0x00000000d5a62930,0x00000000d5a80000)
  to   space 512K, 0% used [0x00000000d5980000,0x00000000d5980000,0x00000000d5a00000)
 ParOldGen       total 205824K, used 205645K [0x0000000080000000, 0x000000008c900000, 0x00000000d5580000)
  object space 205824K, 99% used [0x0000000080000000,0x000000008c8d35a8,0x000000008c900000)
 Metaspace       used 66775K, committed 68288K, reserved 1114112K
  class space    used 7013K, committed 7680K, reserved 1048576K
}
Event: 129.747 GC heap before
{Heap before GC invocations=342 (full 3):
 PSYoungGen      total 3584K, used 3466K [0x00000000d5580000, 0x00000000d5a80000, 0x0000000100000000)
  eden space 3072K, 100% used [0x00000000d5580000,0x00000000d5880000,0x00000000d5880000)
  from space 512K, 77% used [0x00000000d5a00000,0x00000000d5a62930,0x00000000d5a80000)
  to   space 512K, 0% used [0x00000000d5980000,0x00000000d5980000,0x00000000d5a00000)
 ParOldGen       total 205824K, used 205645K [0x0000000080000000, 0x000000008c900000, 0x00000000d5580000)
  object space 205824K, 99% used [0x0000000080000000,0x000000008c8d35a8,0x000000008c900000)
 Metaspace       used 66937K, committed 68416K, reserved 1114112K
  class space    used 7044K, committed 7680K, reserved 1048576K
}
Event: 129.751 GC heap after
{Heap after GC invocations=342 (full 3):
 PSYoungGen      total 3584K, used 508K [0x00000000d5580000, 0x00000000d5b80000, 0x0000000100000000)
  eden space 3072K, 0% used [0x00000000d5580000,0x00000000d5580000,0x00000000d5880000)
  from space 512K, 99% used [0x00000000d5980000,0x00000000d59ff120,0x00000000d5a00000)
  to   space 1536K, 0% used [0x00000000d5a00000,0x00000000d5a00000,0x00000000d5b80000)
 ParOldGen       total 206848K, used 206400K [0x0000000080000000, 0x000000008ca00000, 0x00000000d5580000)
  object space 206848K, 99% used [0x0000000080000000,0x000000008c990280,0x000000008ca00000)
 Metaspace       used 66937K, committed 68416K, reserved 1114112K
  class space    used 7044K, committed 7680K, reserved 1048576K
}
Event: 129.805 GC heap before
{Heap before GC invocations=343 (full 3):
 PSYoungGen      total 3584K, used 3580K [0x00000000d5580000, 0x00000000d5b80000, 0x0000000100000000)
  eden space 3072K, 100% used [0x00000000d5580000,0x00000000d5880000,0x00000000d5880000)
  from space 512K, 99% used [0x00000000d5980000,0x00000000d59ff120,0x00000000d5a00000)
  to   space 1536K, 0% used [0x00000000d5a00000,0x00000000d5a00000,0x00000000d5b80000)
 ParOldGen       total 206848K, used 206400K [0x0000000080000000, 0x000000008ca00000, 0x00000000d5580000)
  object space 206848K, 99% used [0x0000000080000000,0x000000008c990280,0x000000008ca00000)
 Metaspace       used 66953K, committed 68480K, reserved 1114112K
  class space    used 7044K, committed 7680K, reserved 1048576K
}
Event: 129.808 GC heap after
{Heap after GC invocations=343 (full 3):
 PSYoungGen      total 4096K, used 763K [0x00000000d5580000, 0x00000000d5b00000, 0x0000000100000000)
  eden space 3072K, 0% used [0x00000000d5580000,0x00000000d5580000,0x00000000d5880000)
  from space 1024K, 74% used [0x00000000d5a00000,0x00000000d5abedf0,0x00000000d5b00000)
  to   space 1024K, 0% used [0x00000000d5900000,0x00000000d5900000,0x00000000d5a00000)
 ParOldGen       total 206848K, used 206811K [0x0000000080000000, 0x000000008ca00000, 0x00000000d5580000)
  object space 206848K, 99% used [0x0000000080000000,0x000000008c9f6fc0,0x000000008ca00000)
 Metaspace       used 66953K, committed 68480K, reserved 1114112K
  class space    used 7044K, committed 7680K, reserved 1048576K
}
Event: 152.566 GC heap before
{Heap before GC invocations=344 (full 3):
 PSYoungGen      total 4096K, used 3835K [0x00000000d5580000, 0x00000000d5b00000, 0x0000000100000000)
  eden space 3072K, 100% used [0x00000000d5580000,0x00000000d5880000,0x00000000d5880000)
  from space 1024K, 74% used [0x00000000d5a00000,0x00000000d5abedf0,0x00000000d5b00000)
  to   space 1024K, 0% used [0x00000000d5900000,0x00000000d5900000,0x00000000d5a00000)
 ParOldGen       total 206848K, used 206811K [0x0000000080000000, 0x000000008ca00000, 0x00000000d5580000)
  object space 206848K, 99% used [0x0000000080000000,0x000000008c9f6fc0,0x000000008ca00000)
 Metaspace       used 67186K, committed 68736K, reserved 1114112K
  class space    used 7061K, committed 7744K, reserved 1048576K
}
Event: 152.569 GC heap after
{Heap after GC invocations=344 (full 3):
 PSYoungGen      total 4096K, used 256K [0x00000000d5580000, 0x00000000d5a80000, 0x0000000100000000)
  eden space 3072K, 0% used [0x00000000d5580000,0x00000000d5580000,0x00000000d5880000)
  from space 1024K, 25% used [0x00000000d5900000,0x00000000d5940000,0x00000000d5a00000)
  to   space 512K, 0% used [0x00000000d5a00000,0x00000000d5a00000,0x00000000d5a80000)
 ParOldGen       total 206848K, used 206827K [0x0000000080000000, 0x000000008ca00000, 0x00000000d5580000)
  object space 206848K, 99% used [0x0000000080000000,0x000000008c9fafc0,0x000000008ca00000)
 Metaspace       used 67186K, committed 68736K, reserved 1114112K
  class space    used 7061K, committed 7744K, reserved 1048576K
}
Event: 209.145 GC heap before
{Heap before GC invocations=345 (full 3):
 PSYoungGen      total 4096K, used 3328K [0x00000000d5580000, 0x00000000d5a80000, 0x0000000100000000)
  eden space 3072K, 100% used [0x00000000d5580000,0x00000000d5880000,0x00000000d5880000)
  from space 1024K, 25% used [0x00000000d5900000,0x00000000d5940000,0x00000000d5a00000)
  to   space 512K, 0% used [0x00000000d5a00000,0x00000000d5a00000,0x00000000d5a80000)
 ParOldGen       total 206848K, used 206827K [0x0000000080000000, 0x000000008ca00000, 0x00000000d5580000)
  object space 206848K, 99% used [0x0000000080000000,0x000000008c9fafc0,0x000000008ca00000)
 Metaspace       used 67302K, committed 68800K, reserved 1114112K
  class space    used 7062K, committed 7744K, reserved 1048576K
}
Event: 209.186 GC heap after
{Heap after GC invocations=345 (full 3):
 PSYoungGen      total 3584K, used 192K [0x00000000d5580000, 0x00000000d5a80000, 0x0000000100000000)
  eden space 3072K, 0% used [0x00000000d5580000,0x00000000d5580000,0x00000000d5880000)
  from space 512K, 37% used [0x00000000d5a00000,0x00000000d5a30000,0x00000000d5a80000)
  to   space 512K, 0% used [0x00000000d5980000,0x00000000d5980000,0x00000000d5a00000)
 ParOldGen       total 207360K, used 206923K [0x0000000080000000, 0x000000008ca80000, 0x00000000d5580000)
  object space 207360K, 99% used [0x0000000080000000,0x000000008ca12fc0,0x000000008ca80000)
 Metaspace       used 67302K, committed 68800K, reserved 1114112K
  class space    used 7062K, committed 7744K, reserved 1048576K
}

Dll operation events (11 events):
Event: 0.363 Loaded shared library c:\Users\HP\.vscode\extensions\redhat.java-1.52.0-win32-x64\jre\21.0.9-win32-x86_64\bin\java.dll
Event: 0.918 Loaded shared library c:\Users\HP\.vscode\extensions\redhat.java-1.52.0-win32-x64\jre\21.0.9-win32-x86_64\bin\zip.dll
Event: 0.979 Loaded shared library C:\Users\HP\.vscode\extensions\redhat.java-1.52.0-win32-x64\jre\21.0.9-win32-x86_64\bin\instrument.dll
Event: 1.112 Loaded shared library C:\Users\HP\.vscode\extensions\redhat.java-1.52.0-win32-x64\jre\21.0.9-win32-x86_64\bin\net.dll
Event: 1.224 Loaded shared library C:\Users\HP\.vscode\extensions\redhat.java-1.52.0-win32-x64\jre\21.0.9-win32-x86_64\bin\nio.dll
Event: 1.229 Loaded shared library C:\Users\HP\.vscode\extensions\redhat.java-1.52.0-win32-x64\jre\21.0.9-win32-x86_64\bin\zip.dll
Event: 1.275 Loaded shared library C:\Users\HP\.vscode\extensions\redhat.java-1.52.0-win32-x64\jre\21.0.9-win32-x86_64\bin\jimage.dll
Event: 1.570 Loaded shared library c:\Users\HP\.vscode\extensions\redhat.java-1.52.0-win32-x64\jre\21.0.9-win32-x86_64\bin\verify.dll
Event: 30.348 Loaded shared library C:\Users\HP\AppData\Roaming\Code\User\globalStorage\redhat.java\1.52.0\config_win\org.eclipse.equinox.launcher\org.eclipse.equinox.launcher.win32.win32.x86_64_1.2.1500.v20260121-1430\eclipse_11919.dll
Event: 66.898 Loaded shared library C:\Users\HP\AppData\Local\Temp\jna-2312\jna17209537044793502622.dll
Event: 85.531 Loaded shared library C:\Users\HP\.vscode\extensions\redhat.java-1.52.0-win32-x64\jre\21.0.9-win32-x86_64\bin\sunmscapi.dll

Deoptimization events (20 events):
Event: 129.876 Thread 0x000002ab69c32600 DEOPT PACKING pc=0x000002ab5680a098 sp=0x000000d667cfedc0
Event: 129.876 Thread 0x000002ab69c32600 DEOPT UNPACKING pc=0x000002ab55ea3aa2 sp=0x000000d667cfed38 mode 2
Event: 152.562 Thread 0x000002ab69c34040 DEOPT PACKING pc=0x000002ab4fe67185 sp=0x000000d6679fe060
Event: 152.562 Thread 0x000002ab69c34040 DEOPT UNPACKING pc=0x000002ab55ea4242 sp=0x000000d6679fd4a0 mode 0
Event: 152.571 Thread 0x000002ab69c31250 DEOPT PACKING pc=0x000002ab4f2eac5b sp=0x000000d667bfe2c0
Event: 152.572 Thread 0x000002ab69c31250 DEOPT UNPACKING pc=0x000002ab55ea4242 sp=0x000000d667bfd748 mode 0
Event: 152.587 Thread 0x000002ab69c31250 Uncommon trap: trap_request=0xffffffde fr.pc=0x000002ab5680a098 relative=0x0000000000000078
Event: 152.587 Thread 0x000002ab69c31250 Uncommon trap: reason=class_check action=maybe_recompile pc=0x000002ab5680a098 method=java.util.LinkedHashMap.afterNodeInsertion(Z)V @ 15 c2
Event: 152.587 Thread 0x000002ab69c31250 DEOPT PACKING pc=0x000002ab5680a098 sp=0x000000d667bfeba0
Event: 152.587 Thread 0x000002ab69c31250 DEOPT UNPACKING pc=0x000002ab55ea3aa2 sp=0x000000d667bfeb18 mode 2
Event: 172.533 Thread 0x000002ab69c31250 Uncommon trap: trap_request=0xffffffde fr.pc=0x000002ab5680a098 relative=0x0000000000000078
Event: 172.533 Thread 0x000002ab69c31250 Uncommon trap: reason=class_check action=maybe_recompile pc=0x000002ab5680a098 method=java.util.LinkedHashMap.afterNodeInsertion(Z)V @ 15 c2
Event: 172.533 Thread 0x000002ab69c31250 DEOPT PACKING pc=0x000002ab5680a098 sp=0x000000d667bfeba0
Event: 172.533 Thread 0x000002ab69c31250 DEOPT UNPACKING pc=0x000002ab55ea3aa2 sp=0x000000d667bfeb18 mode 2
Event: 175.695 Thread 0x000002ab69c31250 DEOPT PACKING pc=0x000002ab4f2dc204 sp=0x000000d667bfe420
Event: 175.695 Thread 0x000002ab69c31250 DEOPT UNPACKING pc=0x000002ab55ea4242 sp=0x000000d667bfd8d8 mode 0
Event: 175.700 Thread 0x000002ab69c31250 Uncommon trap: trap_request=0xffffffde fr.pc=0x000002ab5680a098 relative=0x0000000000000078
Event: 175.701 Thread 0x000002ab69c31250 Uncommon trap: reason=class_check action=maybe_recompile pc=0x000002ab5680a098 method=java.util.LinkedHashMap.afterNodeInsertion(Z)V @ 15 c2
Event: 175.701 Thread 0x000002ab69c31250 DEOPT PACKING pc=0x000002ab5680a098 sp=0x000000d667bfeba0
Event: 175.701 Thread 0x000002ab69c31250 DEOPT UNPACKING pc=0x000002ab55ea3aa2 sp=0x000000d667bfeb18 mode 2

Classes loaded (20 events):
Event: 125.835 Loading class java/nio/file/DirectoryIteratorException
Event: 125.852 Loading class java/nio/file/DirectoryIteratorException done
Event: 126.226 Loading class java/util/AbstractList$RandomAccessSubList
Event: 126.227 Loading class java/util/AbstractList$SubList
Event: 126.227 Loading class java/util/AbstractList$SubList done
Event: 126.228 Loading class java/util/AbstractList$RandomAccessSubList done
Event: 126.228 Loading class java/util/AbstractList$SubList$1
Event: 126.229 Loading class java/util/AbstractList$SubList$1 done
Event: 127.084 Loading class java/nio/file/FileTreeIterator
Event: 127.084 Loading class java/nio/file/FileTreeIterator done
Event: 128.704 Loading class java/nio/file/Files$2
Event: 128.705 Loading class java/nio/file/Files$2 done
Event: 129.146 Loading class java/util/stream/DistinctOps
Event: 129.165 Loading class java/util/stream/DistinctOps done
Event: 129.165 Loading class java/util/stream/DistinctOps$1
Event: 129.165 Loading class java/util/stream/DistinctOps$1 done
Event: 129.242 Loading class java/util/stream/DistinctOps$1$2
Event: 129.242 Loading class java/util/stream/DistinctOps$1$2 done
Event: 129.418 Loading class jdk/internal/ref/CleanerImpl$InnocuousThreadFactory
Event: 129.419 Loading class jdk/internal/ref/CleanerImpl$InnocuousThreadFactory done

Classes unloaded (7 events):
Event: 68.421 Thread 0x000002ab6279fcc0 Unloading class 0x000002ab011ab400 'java/lang/invoke/LambdaForm$MH+0x000002ab011ab400'
Event: 68.422 Thread 0x000002ab6279fcc0 Unloading class 0x000002ab011ab000 'java/lang/invoke/LambdaForm$MH+0x000002ab011ab000'
Event: 68.422 Thread 0x000002ab6279fcc0 Unloading class 0x000002ab011aac00 'java/lang/invoke/LambdaForm$MH+0x000002ab011aac00'
Event: 68.422 Thread 0x000002ab6279fcc0 Unloading class 0x000002ab011aa800 'java/lang/invoke/LambdaForm$MH+0x000002ab011aa800'
Event: 68.422 Thread 0x000002ab6279fcc0 Unloading class 0x000002ab011aa400 'java/lang/invoke/LambdaForm$BMH+0x000002ab011aa400'
Event: 68.422 Thread 0x000002ab6279fcc0 Unloading class 0x000002ab011aa000 'java/lang/invoke/LambdaForm$DMH+0x000002ab011aa000'
Event: 68.422 Thread 0x000002ab6279fcc0 Unloading class 0x000002ab011a8c00 'java/lang/invoke/LambdaForm$DMH+0x000002ab011a8c00'

Classes redefined (0 events):
No events

Internal exceptions (20 events):
Event: 126.357 Thread 0x000002ab69c31f70 Exception <a 'sun/nio/fs/WindowsException'{0x00000000d566fab0}> (0x00000000d566fab0) 
thrown [s\src\hotspot\share\prims\jni.cpp, line 520]
Event: 126.357 Thread 0x000002ab69c31f70 Exception <a 'sun/nio/fs/WindowsException'{0x00000000d568b480}> (0x00000000d568b480) 
thrown [s\src\hotspot\share\prims\jni.cpp, line 520]
Event: 126.358 Thread 0x000002ab69c31f70 Exception <a 'sun/nio/fs/WindowsException'{0x00000000d568c090}> (0x00000000d568c090) 
thrown [s\src\hotspot\share\prims\jni.cpp, line 520]
Event: 126.366 Thread 0x000002ab69c31f70 Exception <a 'sun/nio/fs/WindowsException'{0x00000000d568d4d0}> (0x00000000d568d4d0) 
thrown [s\src\hotspot\share\prims\jni.cpp, line 520]
Event: 126.366 Thread 0x000002ab69c31f70 Exception <a 'sun/nio/fs/WindowsException'{0x00000000d569c720}> (0x00000000d569c720) 
thrown [s\src\hotspot\share\prims\jni.cpp, line 520]
Event: 126.469 Thread 0x000002ab6429a2c0 Exception <a 'java/io/FileNotFoundException'{0x00000000d59c7aa0}> (0x00000000d59c7aa0) 
thrown [s\src\hotspot\share\prims\jni.cpp, line 520]
Event: 126.469 Thread 0x000002ab6429a2c0 Exception <a 'java/io/FileNotFoundException'{0x00000000d59c8b68}> (0x00000000d59c8b68) 
thrown [s\src\hotspot\share\prims\jni.cpp, line 520]
Event: 126.470 Thread 0x000002ab6429a2c0 Exception <a 'java/io/FileNotFoundException'{0x00000000d59c98c0}> (0x00000000d59c98c0) 
thrown [s\src\hotspot\share\prims\jni.cpp, line 520]
Event: 127.041 Thread 0x000002ab69c34040 Implicit null exception at 0x000002ab56bab32b to 0x000002ab56babee4
Event: 128.776 Thread 0x000002ab69c31250 Implicit null exception at 0x000002ab56b5294b to 0x000002ab56b52ac8
Event: 153.506 Thread 0x000002ab642981f0 Exception <a 'sun/nio/fs/WindowsException'{0x00000000d565b370}> (0x00000000d565b370) 
thrown [s\src\hotspot\share\prims\jni.cpp, line 520]
Event: 153.506 Thread 0x000002ab642981f0 Exception <a 'sun/nio/fs/WindowsException'{0x00000000d565bee8}> (0x00000000d565bee8) 
thrown [s\src\hotspot\share\prims\jni.cpp, line 520]
Event: 153.512 Thread 0x000002ab642981f0 Exception <a 'sun/nio/fs/WindowsException'{0x00000000d5685cf0}> (0x00000000d5685cf0) 
thrown [s\src\hotspot\share\prims\jni.cpp, line 520]
Event: 153.512 Thread 0x000002ab642981f0 Exception <a 'sun/nio/fs/WindowsException'{0x00000000d5686778}> (0x00000000d5686778) 
thrown [s\src\hotspot\share\prims\jni.cpp, line 520]
Event: 153.512 Thread 0x000002ab642981f0 Exception <a 'sun/nio/fs/WindowsException'{0x00000000d5687e20}> (0x00000000d5687e20) 
thrown [s\src\hotspot\share\prims\jni.cpp, line 520]
Event: 153.513 Thread 0x000002ab642981f0 Exception <a 'sun/nio/fs/WindowsException'{0x00000000d5688780}> (0x00000000d5688780) 
thrown [s\src\hotspot\share\prims\jni.cpp, line 520]
Event: 153.513 Thread 0x000002ab642981f0 Exception <a 'sun/nio/fs/WindowsException'{0x00000000d5689b60}> (0x00000000d5689b60) 
thrown [s\src\hotspot\share\prims\jni.cpp, line 520]
Event: 153.513 Thread 0x000002ab642981f0 Exception <a 'sun/nio/fs/WindowsException'{0x00000000d568a3d0}> (0x00000000d568a3d0) 
thrown [s\src\hotspot\share\prims\jni.cpp, line 520]
Event: 153.514 Thread 0x000002ab642981f0 Exception <a 'sun/nio/fs/WindowsException'{0x00000000d568b8e0}> (0x00000000d568b8e0) 
thrown [s\src\hotspot\share\prims\jni.cpp, line 520]
Event: 153.514 Thread 0x000002ab642981f0 Exception <a 'sun/nio/fs/WindowsException'{0x00000000d568c048}> (0x00000000d568c048) 
thrown [s\src\hotspot\share\prims\jni.cpp, line 520]

ZGC Phase Switch (0 events):
No events

VM Operations (20 events):
Event: 481.552 Executing VM operation: HandshakeAllThreads (HandshakeForDeflation)
Event: 481.552 Executing VM operation: HandshakeAllThreads (HandshakeForDeflation) done
Event: 481.553 Executing VM operation: RendezvousGCThreads
Event: 481.553 Executing VM operation: RendezvousGCThreads done
Event: 541.710 Executing VM operation: HandshakeAllThreads (HandshakeForDeflation)
Event: 541.710 Executing VM operation: HandshakeAllThreads (HandshakeForDeflation) done
Event: 541.710 Executing VM operation: RendezvousGCThreads
Event: 541.710 Executing VM operation: RendezvousGCThreads done
Event: 601.717 Executing VM operation: HandshakeAllThreads (HandshakeForDeflation)
Event: 601.717 Executing VM operation: HandshakeAllThreads (HandshakeForDeflation) done
Event: 601.718 Executing VM operation: RendezvousGCThreads
Event: 601.718 Executing VM operation: RendezvousGCThreads done
Event: 661.964 Executing VM operation: HandshakeAllThreads (HandshakeForDeflation)
Event: 661.964 Executing VM operation: HandshakeAllThreads (HandshakeForDeflation) done
Event: 661.964 Executing VM operation: RendezvousGCThreads
Event: 661.964 Executing VM operation: RendezvousGCThreads done
Event: 722.122 Executing VM operation: HandshakeAllThreads (HandshakeForDeflation)
Event: 722.122 Executing VM operation: HandshakeAllThreads (HandshakeForDeflation) done
Event: 722.122 Executing VM operation: RendezvousGCThreads
Event: 722.122 Executing VM operation: RendezvousGCThreads done

Memory protections (0 events):
No events

Nmethod flushes (20 events):
Event: 85.751 Thread 0x000002ab6279fcc0 flushing  nmethod 0x000002ab4f2b6590
Event: 85.751 Thread 0x000002ab6279fcc0 flushing  nmethod 0x000002ab4f2b6e10
Event: 85.751 Thread 0x000002ab6279fcc0 flushing  nmethod 0x000002ab4f2b7610
Event: 85.751 Thread 0x000002ab6279fcc0 flushing  nmethod 0x000002ab4f2b7990
Event: 85.751 Thread 0x000002ab6279fcc0 flushing  nmethod 0x000002ab4f2bae90
Event: 85.751 Thread 0x000002ab6279fcc0 flushing  nmethod 0x000002ab4f2cef90
Event: 85.751 Thread 0x000002ab6279fcc0 flushing  nmethod 0x000002ab4f2d7c90
Event: 85.751 Thread 0x000002ab6279fcc0 flushing  nmethod 0x000002ab4f2dc590
Event: 85.751 Thread 0x000002ab6279fcc0 flushing  nmethod 0x000002ab4f2dfe10
Event: 85.751 Thread 0x000002ab6279fcc0 flushing  nmethod 0x000002ab4f2e0f10
Event: 85.751 Thread 0x000002ab6279fcc0 flushing  nmethod 0x000002ab4f30b890
Event: 85.751 Thread 0x000002ab6279fcc0 flushing  nmethod 0x000002ab4f30c590
Event: 85.751 Thread 0x000002ab6279fcc0 flushing  nmethod 0x000002ab4f30cb10
Event: 85.751 Thread 0x000002ab6279fcc0 flushing  nmethod 0x000002ab4f30d390
Event: 85.751 Thread 0x000002ab6279fcc0 flushing  nmethod 0x000002ab4f30e310
Event: 85.751 Thread 0x000002ab6279fcc0 flushing  nmethod 0x000002ab4f312c10
Event: 85.751 Thread 0x000002ab6279fcc0 flushing  nmethod 0x000002ab4f316310
Event: 85.751 Thread 0x000002ab6279fcc0 flushing  nmethod 0x000002ab4f31ca90
Event: 85.751 Thread 0x000002ab6279fcc0 flushing  nmethod 0x000002ab4f352690
Event: 85.751 Thread 0x000002ab6279fcc0 flushing  nmethod 0x000002ab4f355e90

Events (20 events):
Event: 124.844 Thread 0x000002ab627ccb80 Thread added: 0x000002ab6bdc0320
Event: 125.299 Thread 0x000002ab627f7790 Thread added: 0x000002ab6b476da0
Event: 127.996 Thread 0x000002ab6b476da0 Thread exited: 0x000002ab6b476da0
Event: 128.666 Thread 0x000002ab627f7790 Thread added: 0x000002ab6d3b16c0
Event: 129.420 Thread 0x000002ab69c32600 Thread added: 0x000002ab6cc656d0
Event: 129.582 Thread 0x000002ab6d3b16c0 Thread exited: 0x000002ab6d3b16c0
Event: 129.810 Thread 0x000002ab627f7790 Thread added: 0x000002ab6d3b16c0
Event: 135.009 Thread 0x000002ab6d3b16c0 Thread exited: 0x000002ab6d3b16c0
Event: 140.001 Thread 0x000002ab6bdc0320 Thread exited: 0x000002ab6bdc0320
Event: 159.774 Thread 0x000002ab69c2f810 Thread exited: 0x000002ab69c2f810
Event: 188.757 Thread 0x000002ab6429a2c0 Thread exited: 0x000002ab6429a2c0
Event: 212.563 Thread 0x000002ab69c2d0b0 Thread exited: 0x000002ab69c2d0b0
Event: 213.512 Thread 0x000002ab64298f10 Thread exited: 0x000002ab64298f10
Event: 269.316 Thread 0x000002ab69c31250 Thread exited: 0x000002ab69c31250
Event: 329.331 Thread 0x000002ab69c34040 Thread exited: 0x000002ab69c34040
Event: 389.356 Thread 0x000002ab69c32600 Thread exited: 0x000002ab69c32600
Event: 449.359 Thread 0x000002ab69c318e0 Thread exited: 0x000002ab69c318e0
Event: 509.372 Thread 0x000002ab69c31f70 Thread exited: 0x000002ab69c31f70
Event: 569.381 Thread 0x000002ab69c346d0 Thread exited: 0x000002ab69c346d0
Event: 629.380 Thread 0x000002ab69c33320 Thread exited: 0x000002ab69c33320


Dynamic libraries:
0x00007ff6f56f0000 - 0x00007ff6f56fe000 	c:\Users\HP\.vscode\extensions\redhat.java-1.52.0-win32-x64\jre\21.0.9-win32-x86_64\bin\java.exe
0x00007ffb9f680000 - 0x00007ffb9f8e8000 	C:\WINDOWS\SYSTEM32\ntdll.dll
0x00007ffb9dfb0000 - 0x00007ffb9e079000 	C:\WINDOWS\System32\KERNEL32.DLL
0x00007ffb9cf70000 - 0x00007ffb9d361000 	C:\WINDOWS\System32\KERNELBASE.dll
0x00007ffb9c0e0000 - 0x00007ffb9c22b000 	C:\WINDOWS\System32\ucrtbase.dll
0x00007ffb66b20000 - 0x00007ffb66b38000 	c:\Users\HP\.vscode\extensions\redhat.java-1.52.0-win32-x64\jre\21.0.9-win32-x86_64\bin\jli.dll
0x00007ffb9ebe0000 - 0x00007ffb9eda6000 	C:\WINDOWS\System32\USER32.dll
0x00007ffb9bf60000 - 0x00007ffb9bf87000 	C:\WINDOWS\System32\win32u.dll
0x00007ffb66f20000 - 0x00007ffb66f3e000 	c:\Users\HP\.vscode\extensions\redhat.java-1.52.0-win32-x64\jre\21.0.9-win32-x86_64\bin\VCRUNTIME140.dll
0x00007ffb9df80000 - 0x00007ffb9dfab000 	C:\WINDOWS\System32\GDI32.dll
0x00007ffb9c5d0000 - 0x00007ffb9c6fb000 	C:\WINDOWS\System32\gdi32full.dll
0x00007ffb7ec90000 - 0x00007ffb7ef23000 	C:\WINDOWS\WinSxS\amd64_microsoft.windows.common-controls_6595b64144ccf1df_6.0.26100.7824_none_3e0870b2e3345462\COMCTL32.dll
0x00007ffb9d370000 - 0x00007ffb9d413000 	C:\WINDOWS\System32\msvcp_win.dll
0x00007ffb9ef40000 - 0x00007ffb9efe9000 	C:\WINDOWS\System32\msvcrt.dll
0x00007ffb9d420000 - 0x00007ffb9d451000 	C:\WINDOWS\System32\IMM32.DLL
0x00007ffb827c0000 - 0x00007ffb827cc000 	c:\Users\HP\.vscode\extensions\redhat.java-1.52.0-win32-x64\jre\21.0.9-win32-x86_64\bin\vcruntime140_1.dll
0x00007ffb565a0000 - 0x00007ffb5662d000 	c:\Users\HP\.vscode\extensions\redhat.java-1.52.0-win32-x64\jre\21.0.9-win32-x86_64\bin\msvcp140.dll
0x00007ffb1e650000 - 0x00007ffb1f3f0000 	c:\Users\HP\.vscode\extensions\redhat.java-1.52.0-win32-x64\jre\21.0.9-win32-x86_64\bin\server\jvm.dll
0x00007ffb9f310000 - 0x00007ffb9f3c4000 	C:\WINDOWS\System32\ADVAPI32.dll
0x00007ffb9edf0000 - 0x00007ffb9ee96000 	C:\WINDOWS\System32\sechost.dll
0x00007ffb9f520000 - 0x00007ffb9f638000 	C:\WINDOWS\System32\RPCRT4.dll
0x00007ffb9df00000 - 0x00007ffb9df74000 	C:\WINDOWS\System32\WS2_32.dll
0x00007ffb9bdc0000 - 0x00007ffb9be1e000 	C:\WINDOWS\SYSTEM32\POWRPROF.dll
0x00007ffb94c20000 - 0x00007ffb94c2b000 	C:\WINDOWS\SYSTEM32\VERSION.dll
0x00007ffb883d0000 - 0x00007ffb88405000 	C:\WINDOWS\SYSTEM32\WINMM.dll
0x00007ffb9bda0000 - 0x00007ffb9bdb4000 	C:\WINDOWS\SYSTEM32\UMPDC.dll
0x00007ffb9acc0000 - 0x00007ffb9acdb000 	C:\WINDOWS\SYSTEM32\kernel.appcore.dll
0x00007ffb805d0000 - 0x00007ffb805da000 	c:\Users\HP\.vscode\extensions\redhat.java-1.52.0-win32-x64\jre\21.0.9-win32-x86_64\bin\jimage.dll
0x00007ffb99cf0000 - 0x00007ffb99f32000 	C:\WINDOWS\SYSTEM32\DBGHELP.DLL
0x00007ffb9d460000 - 0x00007ffb9d7e6000 	C:\WINDOWS\System32\combase.dll
0x00007ffb9f3d0000 - 0x00007ffb9f4a7000 	C:\WINDOWS\System32\OLEAUT32.dll
0x00007ffb7ca50000 - 0x00007ffb7ca8b000 	C:\WINDOWS\SYSTEM32\dbgcore.DLL
0x00007ffb9c230000 - 0x00007ffb9c2d5000 	C:\WINDOWS\System32\bcryptPrimitives.dll
0x00007ffb78e70000 - 0x00007ffb78e7f000 	c:\Users\HP\.vscode\extensions\redhat.java-1.52.0-win32-x64\jre\21.0.9-win32-x86_64\bin\instrument.dll
0x00007ffb661b0000 - 0x00007ffb661d0000 	c:\Users\HP\.vscode\extensions\redhat.java-1.52.0-win32-x64\jre\21.0.9-win32-x86_64\bin\java.dll
0x00007ffb9e380000 - 0x00007ffb9ead2000 	C:\WINDOWS\System32\SHELL32.dll
0x00007ffb9c2e0000 - 0x00007ffb9c44a000 	C:\WINDOWS\System32\wintypes.dll
0x00007ffb9c700000 - 0x00007ffb9cf63000 	C:\WINDOWS\System32\windows.storage.dll
0x00007ffb9eae0000 - 0x00007ffb9ebd6000 	C:\WINDOWS\System32\SHCORE.dll
0x00007ffb9f4b0000 - 0x00007ffb9f517000 	C:\WINDOWS\System32\shlwapi.dll
0x00007ffb9be80000 - 0x00007ffb9bea9000 	C:\WINDOWS\SYSTEM32\profapi.dll
0x00007ffb95860000 - 0x00007ffb95878000 	c:\Users\HP\.vscode\extensions\redhat.java-1.52.0-win32-x64\jre\21.0.9-win32-x86_64\bin\zip.dll
0x00007ffb98f80000 - 0x00007ffb98f90000 	C:\Users\HP\.vscode\extensions\redhat.java-1.52.0-win32-x64\jre\21.0.9-win32-x86_64\bin\net.dll
0x00007ffb93350000 - 0x00007ffb93477000 	C:\WINDOWS\SYSTEM32\WINHTTP.dll
0x00007ffb9b210000 - 0x00007ffb9b27b000 	C:\WINDOWS\system32\mswsock.dll
0x00007ffb651b0000 - 0x00007ffb651c6000 	C:\Users\HP\.vscode\extensions\redhat.java-1.52.0-win32-x64\jre\21.0.9-win32-x86_64\bin\nio.dll
0x00007ffb768c0000 - 0x00007ffb768d0000 	c:\Users\HP\.vscode\extensions\redhat.java-1.52.0-win32-x64\jre\21.0.9-win32-x86_64\bin\verify.dll
0x00007ffb58170000 - 0x00007ffb581b5000 	C:\Users\HP\AppData\Roaming\Code\User\globalStorage\redhat.java\1.52.0\config_win\org.eclipse.equinox.launcher\org.eclipse.equinox.launcher.win32.win32.x86_64_1.2.1500.v20260121-1430\eclipse_11919.dll
0x00007ffb9eff0000 - 0x00007ffb9f187000 	C:\WINDOWS\System32\ole32.dll
0x00007ffb9b600000 - 0x00007ffb9b61b000 	C:\WINDOWS\SYSTEM32\CRYPTSP.dll
0x00007ffb9ac20000 - 0x00007ffb9ac59000 	C:\WINDOWS\system32\rsaenh.dll
0x00007ffb9b2c0000 - 0x00007ffb9b2eb000 	C:\WINDOWS\SYSTEM32\USERENV.dll
0x00007ffb9be50000 - 0x00007ffb9be7a000 	C:\WINDOWS\SYSTEM32\bcrypt.dll
0x00007ffb9b460000 - 0x00007ffb9b46c000 	C:\WINDOWS\SYSTEM32\CRYPTBASE.dll
0x00007ffb9a6c0000 - 0x00007ffb9a6f4000 	C:\WINDOWS\SYSTEM32\IPHLPAPI.DLL
0x00007ffb9d7f0000 - 0x00007ffb9d7fa000 	C:\WINDOWS\System32\NSI.dll
0x00007ffb51ce0000 - 0x00007ffb51d29000 	C:\Users\HP\AppData\Local\Temp\jna-2312\jna17209537044793502622.dll
0x00007ffb9ef30000 - 0x00007ffb9ef38000 	C:\WINDOWS\System32\PSAPI.DLL
0x00007ffb93cb0000 - 0x00007ffb93cce000 	C:\WINDOWS\SYSTEM32\dhcpcsvc6.DLL
0x00007ffb93c80000 - 0x00007ffb93ca3000 	C:\WINDOWS\SYSTEM32\dhcpcsvc.DLL
0x00007ffb670e0000 - 0x00007ffb670ee000 	C:\Users\HP\.vscode\extensions\redhat.java-1.52.0-win32-x64\jre\21.0.9-win32-x86_64\bin\sunmscapi.dll
0x00007ffb9c450000 - 0x00007ffb9c5c7000 	C:\WINDOWS\System32\CRYPT32.dll
0x00007ffb9b760000 - 0x00007ffb9b790000 	C:\WINDOWS\SYSTEM32\ncrypt.dll
0x00007ffb9b710000 - 0x00007ffb9b74f000 	C:\WINDOWS\SYSTEM32\NTASN1.dll

JVMTI agents:
c:\Users\HP\.vscode\extensions\redhat.java-1.52.0-win32-x64\lombok\lombok-1.18.39-4050.jar path:c:\Users\HP\.vscode\extensions\redhat.java-1.52.0-win32-x64\jre\21.0.9-win32-x86_64\bin\instrument.dll, loaded, initialized, instrumentlib options:none

dbghelp: loaded successfully - version: 4.0.5 - missing functions: none
symbol engine: initialized successfully - sym options: 0x614 - pdb path: .;c:\Users\HP\.vscode\extensions\redhat.java-1.52.0-win32-x64\jre\21.0.9-win32-x86_64\bin;C:\WINDOWS\SYSTEM32;C:\WINDOWS\WinSxS\amd64_microsoft.windows.common-controls_6595b64144ccf1df_6.0.26100.7824_none_3e0870b2e3345462;c:\Users\HP\.vscode\extensions\redhat.java-1.52.0-win32-x64\jre\21.0.9-win32-x86_64\bin\server;C:\Users\HP\AppData\Roaming\Code\User\globalStorage\redhat.java\1.52.0\config_win\org.eclipse.equinox.launcher\org.eclipse.equinox.launcher.win32.win32.x86_64_1.2.1500.v20260121-1430;C:\Users\HP\AppData\Local\Temp\jna-2312

VM Arguments:
jvm_args: --add-modules=ALL-SYSTEM --add-opens=java.base/java.util=ALL-UNNAMED --add-opens=java.base/java.lang=ALL-UNNAMED --add-opens=java.base/sun.nio.fs=ALL-UNNAMED -Declipse.application=org.eclipse.jdt.ls.core.id1 -Dosgi.bundles.defaultStartLevel=4 -Declipse.product=org.eclipse.jdt.ls.core.product -Djava.import.generatesMetadataFilesAtProjectRoot=false -DDetectVMInstallationsJob.disabled=true -Dfile.encoding=utf8 -XX:+UseParallelGC -XX:GCTimeRatio=4 -XX:AdaptiveSizePolicyWeight=90 -Dsun.zip.disableMemoryMapping=true -Xmx2G -Xms100m -Xlog:disable -javaagent:c:\Users\HP\.vscode\extensions\redhat.java-1.52.0-win32-x64\lombok\lombok-1.18.39-4050.jar -XX:+HeapDumpOnOutOfMemoryError -XX:HeapDumpPath=c:\Users\HP\AppData\Roaming\Code\User\workspaceStorage\7852c7131eb6d3e26024a9c44b370c29\redhat.java -Daether.dependencyCollector.impl=bf 
java_command: c:\Users\HP\.vscode\extensions\redhat.java-1.52.0-win32-x64\server\plugins\org.eclipse.equinox.launcher_1.7.100.v20251111-0406.jar -configuration c:\Users\HP\AppData\Roaming\Code\User\globalStorage\redhat.java\1.52.0\config_win -data c:\Users\HP\AppData\Roaming\Code\User\workspaceStorage\7852c7131eb6d3e26024a9c44b370c29\redhat.java\jdt_ws --pipe=\\.\pipe\lsp-f9405568f78807ff34f0feec708fda29-sock
java_class_path (initial): c:\Users\HP\.vscode\extensions\redhat.java-1.52.0-win32-x64\server\plugins\org.eclipse.equinox.launcher_1.7.100.v20251111-0406.jar
Launcher Type: SUN_STANDARD

[Global flags]
    uintx AdaptiveSizePolicyWeight                 = 90                                        {product} {command line}
     intx CICompilerCount                          = 4                                         {product} {ergonomic}
    uintx GCTimeRatio                              = 4                                         {product} {command line}
     bool HeapDumpOnOutOfMemoryError               = true                                   {manageable} {command line}
    ccstr HeapDumpPath                             = c:\Users\HP\AppData\Roaming\Code\User\workspaceStorage\7852c7131eb6d3e26024a9c44b370c29\redhat.java         {manageable} {command line}
   size_t InitialHeapSize                          = 104857600                                 {product} {command line}
   size_t MaxHeapSize                              = 2147483648                                {product} {command line}
   size_t MaxNewSize                               = 715653120                                 {product} {ergonomic}
   size_t MinHeapDeltaBytes                        = 524288                                    {product} {ergonomic}
   size_t MinHeapSize                              = 104857600                                 {product} {command line}
   size_t NewSize                                  = 34603008                                  {product} {ergonomic}
    uintx NonNMethodCodeHeapSize                   = 5839372                                {pd product} {ergonomic}
    uintx NonProfiledCodeHeapSize                  = 122909434                              {pd product} {ergonomic}
   size_t OldSize                                  = 70254592                                  {product} {ergonomic}
    uintx ProfiledCodeHeapSize                     = 122909434                              {pd product} {ergonomic}
    uintx ReservedCodeCacheSize                    = 251658240                              {pd product} {ergonomic}
     bool SegmentedCodeCache                       = true                                      {product} {ergonomic}
   size_t SoftMaxHeapSize                          = 2147483648                             {manageable} {ergonomic}
     bool UseCompressedOops                        = true                           {product lp64_product} {ergonomic}
     bool UseLargePagesIndividualAllocation        = false                                  {pd product} {ergonomic}
     bool UseParallelGC                            = true                                      {product} {command line}

Logging:
Log output configuration:
 #0: stdout all=off uptime,level,tags foldmultilines=false
 #1: stderr all=off uptime,level,tags foldmultilines=false

Release file:
JAVA_VERSION="21.0.9" 
MODULES="java.base java.compiler java.datatransfer java.xml java.prefs java.desktop java.instrument java.logging java.management java.security.sasl java.naming java.rmi java.management.rmi java.net.http java.scripting java.security.jgss java.transaction.xa java.sql java.sql.rowset java.xml.crypto java.se java.smartcardio jdk.accessibility jdk.internal.jvmstat jdk.attach jdk.charsets jdk.internal.opt jdk.zipfs jdk.compiler jdk.crypto.ec jdk.crypto.cryptoki jdk.crypto.mscapi jdk.dynalink jdk.internal.ed jdk.editpad jdk.hotspot.agent jdk.httpserver jdk.internal.le jdk.internal.vm.ci jdk.internal.vm.compiler jdk.internal.vm.compiler.management jdk.jartool jdk.javadoc jdk.jcmd jdk.management jdk.management.agent jdk.jconsole jdk.jdeps jdk.jdwp.agent jdk.jdi jdk.jfr jdk.jshell jdk.jsobject jdk.jstatd jdk.localedata jdk.management.jfr jdk.naming.dns jdk.naming.rmi jdk.net jdk.nio.mapmode jdk.random jdk.sctp jdk.security.auth jdk.security.jgss jdk.unsupported jdk.unsupported.desktop jdk.xml.dom" 

Environment Variables:
JAVA_HOME=C:\Program Files\Java\jdk-23
PATH=C:\Program Files\Google\Chrome\Application;C:\Program Files\Common Files\Oracle\Java\javapath;C:\Program Files (x86)\Common Files\Oracle\Java\javapath;C:\Program Files\Eclipse Adoptium\jdk-21.0.5.11-hotspot\bin;C:\oraclexe\app\oracle\product\11.2.0\server\bin;C:\WINDOWS\system32;C:\WINDOWS;C:\WINDOWS\System32\Wbem;C:\WINDOWS\System32\WindowsPowerShell\v1.0\;C:\WINDOWS\System32\OpenSSH\;C:\Program Files\Git\cmd;C:\Program Files\Microsoft SQL Server\Client SDK\ODBC\170\Tools\Binn\;C:\Program Files\Java\jdk-23\bin;C:\Program Files\nodejs\;c:\Users\HP\AppData\Local\Programs\cursor\resources\app\bin;C:\Program Files\Microsoft SQL Server\150\Tools\Binn\;C:\Program Files\PuTTY\;C:\Program Files\Docker\Docker\resources\bin;C:\Program Files\dotnet\;C:\Users\HP\AppData\Local\Programs\Python\Python311\Scripts\;C:\Users\HP\AppData\Local\Programs\Python\Python311\;C:\Users\HP\AppData\Local\Programs\Python\Python313\;C:\Users\HP\AppData\Local\Programs\Python\Python313\Scripts\;C:\Users\HP\AppData\Local\Microsoft\WindowsApps;C:\Users\HP\AppData\Local\Programs\Microsoft VS Code\bin;C:\MinGW\bin;C:\Users\HP\.dotnet\tools;C:\Users\HP\AppData\Local\GitHubDesktop\bin;C:\Users\HP\AppData\Roaming\npm;C:\Program Files\PostgreSQL\17\bin;C:\Users\HP\AppData\Local\Python\bin
USERNAME=HP
OS=Windows_NT
PROCESSOR_IDENTIFIER=Intel64 Family 6 Model 142 Stepping 12, GenuineIntel
TMP=C:\Users\HP\AppData\Local\Temp
TEMP=C:\Users\HP\AppData\Local\Temp




Periodic native trim disabled

---------------  S Y S T E M  ---------------

OS:
 Windows 11 , 64 bit Build 26100 (10.0.26100.7705)
OS uptime: 7 days 8:25 hours
Hyper-V role detected

CPU: total 8 (initial active 8) (4 cores per cpu, 2 threads per core) family 6 model 142 stepping 12 microcode 0xf8, cx8, cmov, fxsr, ht, mmx, 3dnowpref, sse, sse2, sse3, ssse3, sse4.1, sse4.2, popcnt, lzcnt, tsc, tscinvbit, avx, avx2, aes, erms, clmul, bmi1, bmi2, adx, fma, vzeroupper, clflush, clflushopt, hv, rdtscp, f16c
Processor Information for processor 0
  Max Mhz: 1896, Current Mhz: 1596, Mhz Limit: 1592
Processor Information for processor 1
  Max Mhz: 1896, Current Mhz: 1596, Mhz Limit: 1592
Processor Information for processor 2
  Max Mhz: 1896, Current Mhz: 1496, Mhz Limit: 1592
Processor Information for processor 3
  Max Mhz: 1896, Current Mhz: 1496, Mhz Limit: 1592
Processor Information for processor 4
  Max Mhz: 1896, Current Mhz: 1496, Mhz Limit: 1592
Processor Information for processor 5
  Max Mhz: 1896, Current Mhz: 1496, Mhz Limit: 1592
Processor Information for processor 6
  Max Mhz: 1896, Current Mhz: 1496, Mhz Limit: 1592
Processor Information for processor 7
  Max Mhz: 1896, Current Mhz: 1596, Mhz Limit: 1592

Memory: 4k page, system-wide physical 8006M (968M free)
TotalPageFile size 22970M (AvailPageFile size 49M)
current process WorkingSet (physical memory assigned to process): 15M, peak: 418M
current process commit charge ("private bytes"): 499M, peak: 524M

vm_info: OpenJDK 64-Bit Server VM (21.0.9+10-LTS) for windows-amd64 JRE (21.0.9+10-LTS), built on 2025-10-21T00:00:00Z by "admin" with unknown MS VC++:1942

END.
